#
# There is insufficient memory for the Java Runtime Environment to continue.
# Native memory allocation (mmap) failed to map 266338304 bytes for G1 virtual space
# Possible reasons:
#   The system is out of physical RAM or swap space
#   The process is running with CompressedOops enabled, and the Java Heap may be blocking the growth of the native heap
# Possible solutions:
#   Reduce memory load on the system
#   Increase physical memory or swap space
#   Check if swap backing store is full
#   Decrease Java heap size (-Xmx/-Xms)
#   Decrease number of Java threads
#   Decrease Java thread stack sizes (-Xss)
#   Set larger code cache with -XX:ReservedCodeCacheSize=
#   JVM is running with Zero Based Compressed Oops mode in which the Java heap is
#     placed in the first 32GB address space. The Java Heap base address is the
#     maximum limit for the native heap growth. Please use -XX:HeapBaseMinAddress
#     to set the Java Heap base and to place the Java Heap above 32GB virtual address.
# This output file may be truncated or incomplete.
#
#  Out of Memory Error (os_windows.cpp:3469), pid=2196, tid=4584
#
# JRE version:  (17.0.1+12) (build )
# Java VM: Java HotSpot(TM) 64-Bit Server VM (17.0.1+12-LTS-39, mixed mode, sharing, tiered, compressed oops, compressed class ptrs, g1 gc, windows-amd64)
# No core dump will be written. Minidumps are not enabled by default on client versions of Windows
#

---------------  S U M M A R Y ------------

Command Line: -javaagent:D:\IDEA\IntelliJ IDEA 2022.3.3\lib\idea_rt.jar=14940:D:\IDEA\IntelliJ IDEA 2022.3.3\bin -Dfile.encoding=UTF-8 com.lims.Main

Host: Intel(R) Core(TM) i7-9750H CPU @ 2.60GHz, 12 cores, 15G,  Windows 10 , 64 bit Build 22621 (10.0.22621.1680)
Time: Sun Apr 30 23:57:13 2023  Windows 10 , 64 bit Build 22621 (10.0.22621.1680) elapsed time: 0.031930 seconds (0d 0h 0m 0s)

---------------  T H R E A D  ---------------

Current thread (0x0000016ac3ab9ee0):  JavaThread "Unknown thread" [_thread_in_vm, id=4584, stack(0x00000005ca000000,0x00000005ca100000)]

Stack: [0x00000005ca000000,0x00000005ca100000]
Native frames: (J=compiled Java code, j=interpreted, Vv=VM code, C=native code)
V  [jvm.dll+0x66fa1a]
V  [jvm.dll+0x7ce5a4]
V  [jvm.dll+0x7cfd4e]
V  [jvm.dll+0x7d03b3]
V  [jvm.dll+0x242b05]
V  [jvm.dll+0x66ca39]
V  [jvm.dll+0x661502]
V  [jvm.dll+0x30081b]
V  [jvm.dll+0x307da6]
V  [jvm.dll+0x357a1e]
V  [jvm.dll+0x357c4f]
V  [jvm.dll+0x2d7ad8]
V  [jvm.dll+0x2d8a44]
V  [jvm.dll+0x7a01e1]
V  [jvm.dll+0x365791]
V  [jvm.dll+0x77f6cc]
V  [jvm.dll+0x3e812f]
V  [jvm.dll+0x3e9bd1]
C  [jli.dll+0x527b]
C  [ucrtbase.dll+0x29363]
C  [KERNEL32.DLL+0x126ad]
C  [ntdll.dll+0x5a9f8]


---------------  P R O C E S S  ---------------

Threads class SMR info:
_java_thread_list=0x00007fff3ee17818, length=0, elements={
}

Java Threads: ( => current thread )

Other Threads:
  0x0000016ac3b06f90 GCTaskThread "GC Thread#0" [stack: 0x00000005ca100000,0x00000005ca200000] [id=2800]
  0x0000016ac3b17dc0 ConcurrentGCThread "G1 Main Marker" [stack: 0x00000005ca200000,0x00000005ca300000] [id=28028]
  0x0000016ac3b18f70 ConcurrentGCThread "G1 Conc#0" [stack: 0x00000005ca300000,0x00000005ca400000] [id=20948]

[error occurred during error reporting (printing all threads), id 0xc0000005, EXCEPTION_ACCESS_VIOLATION (0xc0000005) at pc=0x00007fff3e6684b7]

VM state: not at safepoint (not fully initialized)

VM Mutex/Monitor currently owned by a thread:  ([mutex/lock_event])
[0x0000016ac3ab51f0] Heap_lock - owner thread: 0x0000016ac3ab9ee0

Heap address: 0x0000000702600000, size: 4058 MB, Compressed Oops mode: Zero based, Oop shift amount: 3

CDS archive(s) mapped at: [0x0000000000000000-0x0000000000000000-0x0000000000000000), size 0, SharedBaseAddress: 0x0000000800000000, ArchiveRelocationMode: 0.
Narrow klass base: 0x0000000000000000, Narrow klass shift: 0, Narrow klass range: 0x0

GC Precious Log:
<Empty>

Heap:
 garbage-first heap   total 0K, used 0K [0x0000000702600000, 0x0000000800000000)
  region size 2048K, 0 young (0K), 0 survivors (0K)

[error occurred during error reporting (printing heap information), id 0xc0000005, EXCEPTION_ACCESS_VIOLATION (0xc0000005) at pc=0x00007fff3ea48d89]

GC Heap History (0 events):
No events

Deoptimization events (0 events):
No events

Classes unloaded (0 events):
No events

Classes redefined (0 events):
No events

Internal exceptions (0 events):
No events

VM Operations (0 events):
No events

Events (1 events):
Event: 0.021 Loaded shared library D:\Java\bin\java.dll


Dynamic libraries:
0x00007ff706580000 - 0x00007ff706590000 	D:\Java\bin\java.exe
0x00007fffe6f90000 - 0x00007fffe71a4000 	C:\WINDOWS\SYSTEM32\ntdll.dll
0x00007fffe5490000 - 0x00007fffe5552000 	C:\WINDOWS\System32\KERNEL32.DLL
0x00007fffe4800000 - 0x00007fffe4ba3000 	C:\WINDOWS\System32\KERNELBASE.dll
0x00007fffe4640000 - 0x00007fffe4751000 	C:\WINDOWS\System32\ucrtbase.dll
0x00007fffc2fe0000 - 0x00007fffc2ffa000 	D:\Java\bin\VCRUNTIME140.dll
0x00007fffc9b60000 - 0x00007fffc9b78000 	D:\Java\bin\jli.dll
0x00007fffe6e60000 - 0x00007fffe6f0e000 	C:\WINDOWS\System32\ADVAPI32.dll
0x00007fffe67c0000 - 0x00007fffe6867000 	C:\WINDOWS\System32\msvcrt.dll
0x00007fffe6b40000 - 0x00007fffe6be4000 	C:\WINDOWS\System32\sechost.dll
0x00007fffe66a0000 - 0x00007fffe67b7000 	C:\WINDOWS\System32\RPCRT4.dll
0x00007fffe4eb0000 - 0x00007fffe505b000 	C:\WINDOWS\System32\USER32.dll
0x00007fffe4c70000 - 0x00007fffe4c96000 	C:\WINDOWS\System32\win32u.dll
0x00007fffc7ea0000 - 0x00007fffc812e000 	C:\WINDOWS\WinSxS\amd64_microsoft.windows.common-controls_6595b64144ccf1df_6.0.22621.1465_none_271271ab738361f1\COMCTL32.dll
0x00007fffe6f20000 - 0x00007fffe6f49000 	C:\WINDOWS\System32\GDI32.dll
0x00007fffe43b0000 - 0x00007fffe44c8000 	C:\WINDOWS\System32\gdi32full.dll
0x00007fffe4760000 - 0x00007fffe47fa000 	C:\WINDOWS\System32\msvcp_win.dll
0x00007fffd8640000 - 0x00007fffd864a000 	C:\WINDOWS\SYSTEM32\VERSION.dll
0x00007fffe4e70000 - 0x00007fffe4ea1000 	C:\WINDOWS\System32\IMM32.DLL
0x00007fffcde60000 - 0x00007fffcde6c000 	D:\Java\bin\vcruntime140_1.dll
0x00007fff92e90000 - 0x00007fff92f1d000 	D:\Java\bin\msvcp140.dll
0x00007fff3e380000 - 0x00007fff3ef3e000 	D:\Java\bin\server\jvm.dll
0x00007fffe50f0000 - 0x00007fffe50f8000 	C:\WINDOWS\System32\PSAPI.DLL
0x00007fffdba30000 - 0x00007fffdba39000 	C:\WINDOWS\SYSTEM32\WSOCK32.dll
0x00007fffd8a00000 - 0x00007fffd8a34000 	C:\WINDOWS\SYSTEM32\WINMM.dll
0x00007fffe5b60000 - 0x00007fffe5bd1000 	C:\WINDOWS\System32\WS2_32.dll
0x00007fffe34f0000 - 0x00007fffe3508000 	C:\WINDOWS\SYSTEM32\kernel.appcore.dll
0x00007fffcd980000 - 0x00007fffcd98a000 	D:\Java\bin\jimage.dll
0x00007fffe1db0000 - 0x00007fffe1fde000 	C:\WINDOWS\SYSTEM32\DBGHELP.DLL
0x00007fffe5100000 - 0x00007fffe5489000 	C:\WINDOWS\System32\combase.dll
0x00007fffe5db0000 - 0x00007fffe5e87000 	C:\WINDOWS\System32\OLEAUT32.dll
0x00007fffd73c0000 - 0x00007fffd73f2000 	C:\WINDOWS\SYSTEM32\dbgcore.DLL
0x00007fffe4ca0000 - 0x00007fffe4d1b000 	C:\WINDOWS\System32\bcryptPrimitives.dll
0x00007fffdba60000 - 0x00007fffdba6e000 	D:\Java\bin\instrument.dll
0x00007fffae4b0000 - 0x00007fffae4d5000 	D:\Java\bin\java.dll

dbghelp: loaded successfully - version: 4.0.5 - missing functions: none
symbol engine: initialized successfully - sym options: 0x614 - pdb path: .;D:\Java\bin;C:\WINDOWS\SYSTEM32;C:\WINDOWS\WinSxS\amd64_microsoft.windows.common-controls_6595b64144ccf1df_6.0.22621.1465_none_271271ab738361f1;D:\Java\bin\server

VM Arguments:
jvm_args: -javaagent:D:\IDEA\IntelliJ IDEA 2022.3.3\lib\idea_rt.jar=14940:D:\IDEA\IntelliJ IDEA 2022.3.3\bin -Dfile.encoding=UTF-8 
java_command: com.lims.Main
java_class_path (initial): E:\Project\lims_backend\target\classes;D:\Maven\repository\org\springframework\boot\spring-boot-starter-web\2.7.11\spring-boot-starter-web-2.7.11.jar;D:\Maven\repository\org\springframework\boot\spring-boot-starter\2.7.11\spring-boot-starter-2.7.11.jar;D:\Maven\repository\org\springframework\boot\spring-boot\2.7.11\spring-boot-2.7.11.jar;D:\Maven\repository\org\springframework\boot\spring-boot-starter-logging\2.7.11\spring-boot-starter-logging-2.7.11.jar;D:\Maven\repository\ch\qos\logback\logback-classic\1.2.12\logback-classic-1.2.12.jar;D:\Maven\repository\ch\qos\logback\logback-core\1.2.12\logback-core-1.2.12.jar;D:\Maven\repository\org\apache\logging\log4j\log4j-to-slf4j\2.17.2\log4j-to-slf4j-2.17.2.jar;D:\Maven\repository\org\apache\logging\log4j\log4j-api\2.17.2\log4j-api-2.17.2.jar;D:\Maven\repository\org\slf4j\jul-to-slf4j\1.7.36\jul-to-slf4j-1.7.36.jar;D:\Maven\repository\jakarta\annotation\jakarta.annotation-api\1.3.5\jakarta.annotation-api-1.3.5.jar;D:\Maven\repository\org\yaml\snakeyaml\1.30\snakeyaml-1.30.jar;D:\Maven\repository\org\springframework\boot\spring-boot-starter-json\2.7.11\spring-boot-starter-json-2.7.11.jar;D:\Maven\repository\com\fasterxml\jackson\core\jackson-databind\2.13.5\jackson-databind-2.13.5.jar;D:\Maven\repository\com\fasterxml\jackson\core\jackson-annotations\2.13.5\jackson-annotations-2.13.5.jar;D:\Maven\repository\com\fasterxml\jackson\core\jackson-core\2.13.5\jackson-core-2.13.5.jar;D:\Maven\repository\com\fasterxml\jackson\datatype\jackson-datatype-jdk8\2.13.5\jackson-datatype-jdk8-2.13.5.jar;D:\Maven\repository\com\fasterxml\jackson\datatype\jackson-datatype-jsr310\2.13.5\jackson-datatype-jsr310-2.13.5.jar;D:\Maven\repository\com\fasterxml\jackson\module\jackson-module-parameter-names\2.13.5\jackson-module-parameter-names-2.13.5.jar;D:\Maven\repository\org\springframework\boot\spring-boot-starter-tomcat\2.7.11\spring-boot-starter-tomcat-2.7.11.jar;D:\Maven\repository\org\apache\tomcat\embed\tomcat
Launcher Type: SUN_STANDARD

[Global flags]
     intx CICompilerCount                          = 4                                         {product} {ergonomic}
     uint ConcGCThreads                            = 3                                         {product} {ergonomic}
     uint G1ConcRefinementThreads                  = 10                                        {product} {ergonomic}
   size_t G1HeapRegionSize                         = 2097152                                   {product} {ergonomic}
    uintx GCDrainStackTargetSize                   = 64                                        {product} {ergonomic}
   size_t InitialHeapSize                          = 266338304                                 {product} {ergonomic}
   size_t MarkStackSize                            = 4194304                                   {product} {ergonomic}
   size_t MaxHeapSize                              = 4255121408                                {product} {ergonomic}
   size_t MinHeapDeltaBytes                        = 2097152                                   {product} {ergonomic}
   size_t MinHeapSize                              = 8388608                                   {product} {ergonomic}
    uintx NonNMethodCodeHeapSize                   = 5839372                                {pd product} {ergonomic}
    uintx NonProfiledCodeHeapSize                  = 122909434                              {pd product} {ergonomic}
    uintx ProfiledCodeHeapSize                     = 122909434                              {pd product} {ergonomic}
    uintx ReservedCodeCacheSize                    = 251658240                              {pd product} {ergonomic}
     bool SegmentedCodeCache                       = true                                      {product} {ergonomic}
   size_t SoftMaxHeapSize                          = 4255121408                             {manageable} {ergonomic}
     bool UseCompressedClassPointers               = true                           {product lp64_product} {ergonomic}
     bool UseCompressedOops                        = true                           {product lp64_product} {ergonomic}
     bool UseG1GC                                  = true                                      {product} {ergonomic}
     bool UseLargePagesIndividualAllocation        = false                                  {pd product} {ergonomic}

Logging:
Log output configuration:
 #0: stdout all=warning uptime,level,tags
 #1: stderr all=off uptime,level,tags

Environment Variables:
JAVA_HOME=D:\Java
PATH=C:\Program Files\NVIDIA GPU Computing Toolkit\CUDA\v11.5\bin;C:\Program Files\NVIDIA GPU Computing Toolkit\CUDA\v11.5\libnvvp;C:\Program Files\Common Files\Oracle\Java\javapath;C:\Program Files (x86)\Common Files\Oracle\Java\javapath;E:\VMware\bin\;C:\Program Files\PlasticSCM5\server;C:\Program Files\PlasticSCM5\client;C:\WINDOWS\system32;C:\WINDOWS;C:\WINDOWS\System32\Wbem;C:\WINDOWS\System32\WindowsPowerShell\v1.0\;C:\WINDOWS\System32\OpenSSH\;C:\Program Files\dotnet\;E:\MySQL\mysql-8.0.26-winx64\bin;D:\XShell\;D:\Xftp\;D:\MinGW\mingw64\bin;"D:\Java\bin;D:\Java\jre\bin;";C:\Program Files\NVIDIA Corporation\Nsight Compute 2021.3.1\;C:\Program Files (x86)\NVIDIA Corporation\PhysX\Common;C:\Program Files\NVIDIA Corporation\NVIDIA NvDLISR;C:\Program Files\NVIDIA GPU Computing Toolkit\CUDA\v11.5\include;C:\WINDOWS\system32;C:\WINDOWS;C:\WINDOWS\System32\Wbem;C:\WINDOWS\System32\WindowsPowerShell\v1.0\;C:\WINDOWS\System32\OpenSSH\;D:\NodeJS\;C:\ProgramData\chocolatey\bin;D:\Maven\apache-maven-3.9.1\bin;D:\Git\Git\cmd;D:\Tomcat\apache-tomcat-10.1.7\bin;D:\Tomcat\apache-tomcat-9.0.73\bin;D:\Git\TortoiseGit\bin;D:\Anaconda3;D:\Anaconda3\Library\mingw-w64\bin;D:\Anaconda3\Library\usr\bin;D:\Anaconda3\Library\bin;D:\Anaconda3\Scripts;C:\Users\DMDO_\AppData\Local\Microsoft\WindowsApps;D:\Bandizip\;D:\PyCharm\PyCharm 2019.3.3\bin;;D:\VSCode\Microsoft VS Code\bin;D:\IDEA\IntelliJ IDEA 2019.3.3\bin;;C:\Users\DMDO_\.dotnet\tools;E:\CompilerCompiler\GnuWin32\bin;D:\NodeJS\node_global;
USERNAME=DMDO_
OS=Windows_NT
PROCESSOR_IDENTIFIER=Intel64 Family 6 Model 158 Stepping 10, GenuineIntel



---------------  S Y S T E M  ---------------

OS:
 Windows 10 , 64 bit Build 22621 (10.0.22621.1680)
OS uptime: 0 days 11:18 hours

CPU: total 12 (initial active 12) (6 cores per cpu, 2 threads per core) family 6 model 158 stepping 10 microcode 0xf0, cx8, cmov, fxsr, ht, mmx, 3dnowpref, sse, sse2, sse3, ssse3, sse4.1, sse4.2, popcnt, lzcnt, tsc, tscinvbit, avx, avx2, aes, erms, clmul, bmi1, bmi2, adx, fma, vzeroupper, clflush, clflushopt

Memory: 4k page, system-wide physical 16224M (1881M free)
TotalPageFile size 20320M (AvailPageFile size 79M)
current process WorkingSet (physical memory assigned to process): 12M, peak: 12M
current process commit charge ("private bytes"): 64M, peak: 318M

vm_info: Java HotSpot(TM) 64-Bit Server VM (17.0.1+12-LTS-39) for windows-amd64 JRE (17.0.1+12-LTS-39), built on Sep 27 2021 18:41:35 by "mach5one" with MS VC++ 16.8 (VS2019)

END.
